<?xml version="1.0" encoding="UTF-8"?>
<testng-results ignored="0" total="1" passed="1" failed="0" skipped="0">
  <reporter-output>
  </reporter-output>
  <suite started-at="2023-10-16T17:13:16 IST" name="Default suite" finished-at="2023-10-16T17:14:11 IST" duration-ms="54939">
    <groups>
      <group name="cucumber">
        <method signature="AbstractTestNGCucumberTests.runScenario(io.cucumber.testng.PickleWrapper,io.cucumber.testng.FeatureWrapper)[pri:0, instance:runners.runnerclass@2de56eb2]" name="runScenario" class="io.cucumber.testng.AbstractTestNGCucumberTests"/>
      </group> <!-- cucumber -->
    </groups>
    <test started-at="2023-10-16T17:13:16 IST" name="Default test" finished-at="2023-10-16T17:14:11 IST" duration-ms="54939">
      <class name="runners.runnerclass">
        <test-method is-config="true" signature="setUpClass(org.testng.ITestContext)[pri:0, instance:runners.runnerclass@2de56eb2]" started-at="2023-10-16T17:13:16 IST" name="setUpClass" finished-at="2023-10-16T17:13:17 IST" duration-ms="1198" status="PASS">
          <params>
            <param index="0">
              <value>
                <![CDATA[org.testng.TestRunner@6bf570c]]>
              </value>
            </param>
          </params>
          <reporter-output>
          </reporter-output>
        </test-method> <!-- setUpClass -->
        <test-method signature="runScenario(io.cucumber.testng.PickleWrapper,io.cucumber.testng.FeatureWrapper)[pri:0, instance:runners.runnerclass@2de56eb2]" started-at="2023-10-16T17:13:17 IST" name="runScenario" description="Runs Cucumber Scenarios" data-provider="scenarios" finished-at="2023-10-16T17:14:10 IST" duration-ms="52739" status="PASS">
          <params>
            <param index="0">
              <value>
                <![CDATA["User should be able to login to the application"]]>
              </value>
            </param>
            <param index="1">
              <value>
                <![CDATA["Login feature file for test case"]]>
              </value>
            </param>
          </params>
          <reporter-output>
          </reporter-output>
        </test-method> <!-- runScenario -->
        <test-method is-config="true" signature="tearDownClass()[pri:0, instance:runners.runnerclass@2de56eb2]" started-at="2023-10-16T17:14:10 IST" name="tearDownClass" finished-at="2023-10-16T17:14:11 IST" duration-ms="897" status="PASS">
          <reporter-output>
          </reporter-output>
        </test-method> <!-- tearDownClass -->
      </class> <!-- runners.runnerclass -->
    </test> <!-- Default test -->
  </suite> <!-- Default suite -->
</testng-results>
